\BOOKMARK [0][-]{chapter*.1}{Abstract}{}% 1
\BOOKMARK [0][-]{toc.0}{Contents}{}% 2
\BOOKMARK [0][-]{chapter.1}{Introduction}{}% 3
\BOOKMARK [1][-]{section.1.1}{Section}{chapter.1}% 4
\BOOKMARK [2][-]{subsection.1.1.1}{Subsection}{section.1.1}% 5
\BOOKMARK [0][-]{chapter.2}{Motivation}{}% 6
\BOOKMARK [0][-]{chapter.3}{Related Work}{}% 7
\BOOKMARK [0][-]{chapter.4}{Base Application}{}% 8
\BOOKMARK [0][-]{chapter.5}{Optimization}{}% 9
\BOOKMARK [1][-]{section.5.1}{Unit conversion}{chapter.5}% 10
\BOOKMARK [1][-]{section.5.2}{Ingredient preprocessing}{chapter.5}% 11
\BOOKMARK [2][-]{subsection.5.2.1}{Spellchecking}{section.5.2}% 12
\BOOKMARK [2][-]{subsection.5.2.2}{Filter}{section.5.2}% 13
\BOOKMARK [2][-]{subsection.5.2.3}{Decoupling}{section.5.2}% 14
\BOOKMARK [2][-]{subsection.5.2.4}{Unification}{section.5.2}% 15
\BOOKMARK [1][-]{section.5.3}{Categorisaton}{chapter.5}% 16
\BOOKMARK [0][-]{chapter.6}{Evaluation}{}% 17
\BOOKMARK [1][-]{section.6.1}{Evaluation of ingredient Categorization}{chapter.6}% 18
\BOOKMARK [2][-]{subsection.6.1.1}{Testset}{section.6.1}% 19
\BOOKMARK [2][-]{subsection.6.1.2}{Analysis of Categories}{section.6.1}% 20
\BOOKMARK [2][-]{subsection.6.1.3}{Analysis of Regions}{section.6.1}% 21
\BOOKMARK [2][-]{subsection.6.1.4}{Problems with the preprocesser for categorization}{section.6.1}% 22
\BOOKMARK [1][-]{section.6.2}{Grocery List Generation}{chapter.6}% 23
\BOOKMARK [0][-]{chapter.7}{Conclusion and future work}{}% 24
\BOOKMARK [0][-]{chapter*.15}{List of Figures}{}% 25
\BOOKMARK [0][-]{chapter*.16}{List of Tables}{}% 26
